TN:
SF:/home/zacharylmink/node-tcrouter/src/ReceiveSMS.js
FN:8,(anonymous_0)
FN:17,(anonymous_1)
FN:21,(anonymous_2)
FN:22,(anonymous_3)
FN:23,(anonymous_4)
FN:35,(anonymous_5)
FN:37,(anonymous_6)
FN:38,(anonymous_7)
FN:39,(anonymous_8)
FN:54,(anonymous_9)
FN:55,(anonymous_10)
FN:56,(anonymous_11)
FN:115,(anonymous_12)
FN:116,(anonymous_13)
FN:117,(anonymous_14)
FNF:15
FNH:13
FNDA:8,(anonymous_0)
FNDA:1,(anonymous_1)
FNDA:1,(anonymous_2)
FNDA:1,(anonymous_3)
FNDA:0,(anonymous_4)
FNDA:1,(anonymous_5)
FNDA:1,(anonymous_6)
FNDA:1,(anonymous_7)
FNDA:0,(anonymous_8)
FNDA:5,(anonymous_9)
FNDA:5,(anonymous_10)
FNDA:5,(anonymous_11)
FNDA:1,(anonymous_12)
FNDA:1,(anonymous_13)
FNDA:1,(anonymous_14)
DA:2,1
DA:3,1
DA:4,1
DA:5,1
DA:9,8
DA:19,1
DA:21,1
DA:22,1
DA:23,1
DA:24,0
DA:25,0
DA:36,1
DA:37,1
DA:38,1
DA:39,1
DA:40,0
DA:41,0
DA:55,5
DA:56,5
DA:58,5
DA:59,1
DA:61,4
DA:62,0
DA:65,4
DA:66,4
DA:68,4
DA:69,4
DA:70,3
DA:71,3
DA:72,1
DA:73,2
DA:74,1
DA:75,1
DA:76,1
DA:78,3
DA:82,3
DA:84,1
DA:85,1
DA:87,1
DA:88,1
DA:90,0
DA:92,1
DA:99,4
DA:116,1
DA:117,1
DA:119,1
DA:120,0
DA:122,1
DA:123,0
DA:126,1
DA:127,1
DA:128,1
DA:131,1
DA:132,0
DA:134,1
DA:138,1
DA:149,1
LF:57
LH:48
BRDA:58,0,0,1
BRDA:58,0,1,4
BRDA:61,1,0,0
BRDA:61,1,1,4
BRDA:69,2,0,3
BRDA:69,2,1,1
BRDA:71,3,0,1
BRDA:71,3,1,2
BRDA:73,4,0,1
BRDA:73,4,1,1
BRDA:75,5,0,1
BRDA:75,5,1,0
BRDA:119,6,0,0
BRDA:119,6,1,1
BRDA:122,7,0,0
BRDA:122,7,1,1
BRDA:131,8,0,0
BRDA:131,8,1,1
BRF:18
BRH:13
end_of_record
TN:
SF:/home/zacharylmink/node-tcrouter/src/RouterEmail.js
FN:9,(anonymous_0)
FN:23,(anonymous_1)
FN:24,(anonymous_2)
FN:32,(anonymous_3)
FN:33,(anonymous_4)
FN:34,(anonymous_5)
FN:35,(anonymous_6)
FN:55,(anonymous_7)
FN:57,(anonymous_8)
FN:58,(anonymous_9)
FN:107,(anonymous_10)
FN:108,(anonymous_11)
FNF:12
FNH:8
FNDA:1,(anonymous_0)
FNDA:1,(anonymous_1)
FNDA:1,(anonymous_2)
FNDA:1,(anonymous_3)
FNDA:1,(anonymous_4)
FNDA:1,(anonymous_5)
FNDA:0,(anonymous_6)
FNDA:0,(anonymous_7)
FNDA:0,(anonymous_8)
FNDA:0,(anonymous_9)
FNDA:1,(anonymous_10)
FNDA:1,(anonymous_11)
DA:1,1
DA:2,1
DA:5,1
DA:6,1
DA:10,1
DA:12,1
DA:24,1
DA:26,1
DA:27,1
DA:29,0
DA:32,1
DA:33,1
DA:34,1
DA:35,1
DA:36,0
DA:37,0
DA:57,0
DA:58,0
DA:60,0
DA:61,0
DA:63,0
DA:64,0
DA:67,0
DA:68,0
DA:71,0
DA:72,0
DA:74,0
DA:75,0
DA:80,0
DA:83,0
DA:84,0
DA:90,0
DA:108,1
DA:109,1
DA:110,0
DA:112,1
DA:114,1
DA:127,1
DA:128,0
DA:131,1
DA:132,1
DA:145,1
LF:42
LH:21
BRDA:60,0,0,0
BRDA:60,0,1,0
BRDA:63,1,0,0
BRDA:63,1,1,0
BRDA:71,2,0,0
BRDA:71,2,1,0
BRDA:74,3,0,0
BRDA:74,3,1,0
BRDA:83,4,0,0
BRDA:83,4,1,0
BRDA:109,5,0,0
BRDA:109,5,1,1
BRDA:127,6,0,0
BRDA:127,6,1,1
BRF:14
BRH:2
end_of_record
TN:
SF:/home/zacharylmink/node-tcrouter/src/RouterIO.js
FN:8,(anonymous_0)
FN:47,(anonymous_1)
FN:50,(anonymous_2)
FN:51,(anonymous_3)
FN:52,(anonymous_4)
FN:65,(anonymous_5)
FN:68,(anonymous_6)
FN:69,(anonymous_7)
FN:70,(anonymous_8)
FN:73,(anonymous_9)
FN:87,(anonymous_10)
FN:91,(anonymous_11)
FN:92,(anonymous_12)
FN:93,(anonymous_13)
FN:96,(anonymous_14)
FN:99,(anonymous_15)
FN:105,(anonymous_16)
FN:116,(anonymous_17)
FN:118,(anonymous_18)
FN:119,(anonymous_19)
FNF:20
FNH:11
FNDA:4,(anonymous_0)
FNDA:1,(anonymous_1)
FNDA:1,(anonymous_2)
FNDA:1,(anonymous_3)
FNDA:0,(anonymous_4)
FNDA:3,(anonymous_5)
FNDA:3,(anonymous_6)
FNDA:3,(anonymous_7)
FNDA:0,(anonymous_8)
FNDA:0,(anonymous_9)
FNDA:1,(anonymous_10)
FNDA:1,(anonymous_11)
FNDA:1,(anonymous_12)
FNDA:0,(anonymous_13)
FNDA:0,(anonymous_14)
FNDA:0,(anonymous_15)
FNDA:2,(anonymous_16)
FNDA:0,(anonymous_17)
FNDA:0,(anonymous_18)
FNDA:0,(anonymous_19)
DA:1,1
DA:2,1
DA:5,1
DA:9,4
DA:11,4
DA:14,4
DA:37,4
DA:48,1
DA:49,1
DA:50,1
DA:51,1
DA:52,1
DA:53,0
DA:54,0
DA:66,3
DA:67,3
DA:68,3
DA:69,3
DA:70,3
DA:71,0
DA:72,0
DA:74,0
DA:88,1
DA:89,1
DA:91,1
DA:92,1
DA:93,1
DA:94,0
DA:95,0
DA:97,0
DA:100,0
DA:106,2
DA:118,0
DA:119,0
DA:121,0
DA:122,0
DA:124,0
DA:125,0
DA:128,0
DA:129,0
DA:130,0
DA:131,0
DA:132,0
DA:133,0
DA:134,0
DA:135,0
DA:136,0
DA:137,0
DA:138,0
DA:144,0
DA:155,1
LF:51
LH:24
BRDA:106,0,0,2
BRDA:106,0,1,0
BRDA:121,1,0,0
BRDA:121,1,1,0
BRDA:124,2,0,0
BRDA:124,2,1,0
BRDA:131,3,0,0
BRDA:131,3,1,0
BRDA:133,4,0,0
BRDA:133,4,1,0
BRDA:134,5,0,0
BRDA:134,5,1,0
BRDA:136,6,0,0
BRDA:136,6,1,0
BRDA:137,7,0,0
BRDA:137,7,1,0
BRDA:138,8,0,0
BRDA:138,8,1,0
BRF:18
BRH:1
end_of_record
TN:
SF:/home/zacharylmink/node-tcrouter/src/RouterInfo.js
FN:8,(anonymous_0)
FN:51,(anonymous_1)
FN:56,(anonymous_2)
FN:61,(anonymous_3)
FN:66,(anonymous_4)
FN:79,(anonymous_5)
FN:88,(anonymous_6)
FN:90,(anonymous_7)
FN:97,(anonymous_8)
FN:105,(anonymous_9)
FN:106,(anonymous_10)
FN:107,(anonymous_11)
FN:116,(anonymous_12)
FN:118,(anonymous_13)
FN:119,(anonymous_14)
FN:155,(anonymous_15)
FN:173,(anonymous_16)
FN:182,(anonymous_17)
FN:214,(anonymous_18)
FN:254,(anonymous_19)
FNF:20
FNH:11
FNDA:5,(anonymous_0)
FNDA:0,(anonymous_1)
FNDA:0,(anonymous_2)
FNDA:0,(anonymous_3)
FNDA:0,(anonymous_4)
FNDA:1,(anonymous_5)
FNDA:1,(anonymous_6)
FNDA:0,(anonymous_7)
FNDA:1,(anonymous_8)
FNDA:1,(anonymous_9)
FNDA:1,(anonymous_10)
FNDA:0,(anonymous_11)
FNDA:3,(anonymous_12)
FNDA:3,(anonymous_13)
FNDA:3,(anonymous_14)
FNDA:2,(anonymous_15)
FNDA:1,(anonymous_16)
FNDA:0,(anonymous_17)
FNDA:0,(anonymous_18)
FNDA:0,(anonymous_19)
DA:1,1
DA:2,1
DA:5,1
DA:9,5
DA:12,5
DA:50,5
DA:52,0
DA:55,5
DA:57,0
DA:60,5
DA:62,0
DA:65,5
DA:67,0
DA:71,5
DA:72,5
DA:73,5
DA:74,5
DA:75,5
DA:76,5
DA:81,1
DA:88,1
DA:89,1
DA:90,1
DA:91,0
DA:92,0
DA:99,1
DA:105,1
DA:106,1
DA:107,1
DA:108,0
DA:109,0
DA:118,3
DA:119,3
DA:121,3
DA:122,0
DA:124,3
DA:125,0
DA:129,3
DA:131,3
DA:132,12
DA:133,12
DA:136,12
DA:137,60
DA:138,60
DA:143,3
DA:156,2
DA:157,2
DA:158,2
DA:160,2
DA:162,2
DA:163,2
DA:164,2
DA:165,2
DA:166,0
DA:167,0
DA:168,0
DA:169,0
DA:174,1
DA:175,1
DA:176,1
DA:178,0
DA:183,0
DA:184,0
DA:186,0
DA:187,0
DA:189,0
DA:190,0
DA:192,0
DA:193,0
DA:195,0
DA:196,0
DA:198,0
DA:199,0
DA:201,0
DA:202,0
DA:204,0
DA:215,0
DA:216,0
DA:218,0
DA:219,0
DA:221,0
DA:222,0
DA:224,0
DA:225,0
DA:227,0
DA:228,0
DA:230,0
DA:231,0
DA:233,0
DA:234,0
DA:236,0
DA:237,0
DA:239,0
DA:240,0
DA:242,0
DA:243,0
DA:245,0
DA:255,0
DA:256,0
DA:258,0
DA:259,0
DA:261,0
DA:262,0
DA:264,0
DA:265,0
DA:267,0
DA:268,0
DA:270,0
DA:271,0
DA:273,0
DA:274,0
DA:276,0
DA:282,1
LF:113
LH:47
BRDA:121,0,0,0
BRDA:121,0,1,3
BRDA:124,1,0,0
BRDA:124,1,1,3
BRDA:158,2,0,2
BRDA:158,2,1,0
BRDA:166,3,0,0
BRDA:166,3,1,0
BRDA:168,4,0,0
BRDA:168,4,1,0
BRDA:175,5,0,1
BRDA:175,5,1,0
BRDA:184,6,0,0
BRDA:184,6,1,0
BRDA:184,6,2,0
BRDA:184,6,3,0
BRDA:184,6,4,0
BRDA:184,6,5,0
BRDA:184,6,6,0
BRDA:216,7,0,0
BRDA:216,7,1,0
BRDA:216,7,2,0
BRDA:216,7,3,0
BRDA:216,7,4,0
BRDA:216,7,5,0
BRDA:216,7,6,0
BRDA:216,7,7,0
BRDA:216,7,8,0
BRDA:216,7,9,0
BRDA:256,8,0,0
BRDA:256,8,1,0
BRDA:256,8,2,0
BRDA:256,8,3,0
BRDA:256,8,4,0
BRDA:256,8,5,0
BRDA:256,8,6,0
BRF:36
BRH:4
end_of_record
TN:
SF:/home/zacharylmink/node-tcrouter/src/RouterMessage.js
FN:5,(anonymous_0)
FN:11,(anonymous_1)
FN:12,(anonymous_2)
FN:16,(anonymous_3)
FN:18,(anonymous_4)
FN:24,(anonymous_5)
FNF:6
FNH:5
FNDA:22,(anonymous_0)
FNDA:14,(anonymous_1)
FNDA:14,(anonymous_2)
FNDA:13,(anonymous_3)
FNDA:1,(anonymous_4)
FNDA:0,(anonymous_5)
DA:1,1
DA:2,1
DA:6,22
DA:7,22
DA:8,22
DA:12,14
DA:14,14
DA:15,14
DA:16,14
DA:17,13
DA:19,1
DA:25,0
DA:26,0
DA:30,1
LF:14
LH:12
BRF:0
BRH:0
end_of_record
TN:
SF:/home/zacharylmink/node-tcrouter/src/RouterVPN.js
FN:6,(anonymous_0)
FN:18,(anonymous_1)
FN:19,(anonymous_2)
FN:33,(anonymous_3)
FN:34,(anonymous_4)
FN:35,(anonymous_5)
FN:52,(anonymous_6)
FN:54,(anonymous_7)
FN:55,(anonymous_8)
FNF:9
FNH:5
FNDA:1,(anonymous_0)
FNDA:1,(anonymous_1)
FNDA:1,(anonymous_2)
FNDA:1,(anonymous_3)
FNDA:1,(anonymous_4)
FNDA:0,(anonymous_5)
FNDA:0,(anonymous_6)
FNDA:0,(anonymous_7)
FNDA:0,(anonymous_8)
DA:1,1
DA:2,1
DA:3,1
DA:7,1
DA:19,1
DA:20,1
DA:21,0
DA:24,1
DA:25,1
DA:26,1
DA:27,0
DA:28,0
DA:30,1
DA:31,1
DA:33,1
DA:34,1
DA:35,1
DA:36,0
DA:37,0
DA:54,0
DA:55,0
DA:57,0
DA:58,0
DA:60,0
DA:61,0
DA:64,0
DA:69,0
DA:70,0
DA:71,0
DA:72,0
DA:73,0
DA:74,0
DA:75,0
DA:76,0
DA:77,0
DA:79,0
DA:85,0
DA:96,1
LF:38
LH:15
BRDA:20,0,0,0
BRDA:20,0,1,1
BRDA:20,1,0,1
BRDA:20,1,1,0
BRDA:24,2,0,1
BRDA:24,2,1,0
BRDA:25,3,0,1
BRDA:25,3,1,0
BRDA:27,4,0,0
BRDA:27,4,1,0
BRDA:57,5,0,0
BRDA:57,5,1,0
BRDA:60,6,0,0
BRDA:60,6,1,0
BRDA:72,7,0,0
BRDA:72,7,1,0
BRDA:74,8,0,0
BRDA:74,8,1,0
BRDA:75,9,0,0
BRDA:75,9,1,0
BRDA:77,10,0,0
BRDA:77,10,1,0
BRF:22
BRH:4
end_of_record
TN:
SF:/home/zacharylmink/node-tcrouter/src/Router_XML.js
FN:6,(anonymous_0)
FN:12,(anonymous_1)
FN:16,(anonymous_2)
FN:20,(anonymous_3)
FN:35,(anonymous_4)
FN:36,(anonymous_5)
FN:37,(anonymous_6)
FNF:7
FNH:7
FNDA:6,(anonymous_0)
FNDA:10,(anonymous_1)
FNDA:9,(anonymous_2)
FNDA:10,(anonymous_3)
FNDA:9,(anonymous_4)
FNDA:9,(anonymous_5)
FNDA:9,(anonymous_6)
DA:1,1
DA:2,1
DA:7,6
DA:8,6
DA:9,6
DA:13,10
DA:17,9
DA:21,10
DA:22,0
DA:24,10
DA:36,9
DA:37,9
DA:38,9
DA:39,0
DA:41,9
DA:52,1
LF:16
LH:14
BRDA:21,0,0,0
BRDA:21,0,1,10
BRDA:38,1,0,0
BRDA:38,1,1,9
BRF:4
BRH:2
end_of_record
TN:
SF:/home/zacharylmink/node-tcrouter/src/SendSMS.js
FN:10,(anonymous_0)
FN:23,(anonymous_1)
FN:24,(anonymous_2)
FN:26,(anonymous_3)
FN:40,(anonymous_4)
FN:42,(anonymous_5)
FN:43,(anonymous_6)
FN:78,(anonymous_7)
FNF:8
FNH:4
FNDA:1,(anonymous_0)
FNDA:1,(anonymous_1)
FNDA:1,(anonymous_2)
FNDA:0,(anonymous_3)
FNDA:0,(anonymous_4)
FNDA:0,(anonymous_5)
FNDA:0,(anonymous_6)
FNDA:1,(anonymous_7)
DA:2,1
DA:3,1
DA:6,1
DA:11,1
DA:18,1
DA:20,1
DA:24,1
DA:25,1
DA:26,1
DA:27,0
DA:28,0
DA:42,0
DA:43,0
DA:45,0
DA:46,0
DA:48,0
DA:49,0
DA:52,0
DA:53,0
DA:54,0
DA:55,0
DA:60,0
DA:61,0
DA:63,0
DA:64,0
DA:66,0
DA:79,1
DA:80,0
DA:81,0
DA:84,1
DA:86,1
DA:95,1
DA:96,1
DA:106,1
LF:34
LH:15
BRDA:45,0,0,0
BRDA:45,0,1,0
BRDA:48,1,0,0
BRDA:48,1,1,0
BRDA:60,2,0,0
BRDA:60,2,1,0
BRDA:79,3,0,0
BRDA:79,3,1,1
BRF:8
BRH:1
end_of_record
TN:
SF:/home/zacharylmink/node-tcrouter/src/email.js
FN:6,(anonymous_0)
FN:29,(anonymous_1)
FN:31,(anonymous_2)
FN:43,(anonymous_3)
FNF:4
FNH:4
FNDA:8,(anonymous_0)
FNDA:10,(anonymous_1)
FNDA:12,(anonymous_2)
FNDA:2,(anonymous_3)
DA:1,1
DA:8,8
DA:9,7
DA:11,1
DA:15,5
DA:16,3
DA:19,3
DA:20,1
DA:22,2
DA:25,2
DA:30,10
DA:31,10
DA:32,12
DA:35,4
DA:39,6
DA:44,2
DA:54,1
LF:17
LH:17
BRDA:8,0,0,7
BRDA:8,0,1,1
BRDA:15,1,0,3
BRDA:15,1,1,2
BRDA:19,2,0,1
BRDA:19,2,1,2
BRDA:19,3,0,3
BRDA:19,3,1,2
BRDA:32,4,0,8
BRDA:32,4,1,4
BRF:10
BRH:10
end_of_record
TN:
SF:/home/zacharylmink/node-tcrouter/src/sms.js
FN:6,(anonymous_0)
FN:9,(anonymous_1)
FN:22,(anonymous_2)
FNF:3
FNH:3
FNDA:5,(anonymous_0)
FNDA:5,(anonymous_1)
FNDA:4,(anonymous_2)
DA:2,1
DA:7,5
DA:8,5
DA:9,5
DA:10,5
DA:11,5
DA:12,1
DA:14,4
DA:17,4
DA:18,4
DA:19,4
DA:23,4
DA:33,1
LF:13
LH:13
BRDA:11,0,0,1
BRDA:11,0,1,4
BRDA:11,1,0,5
BRDA:11,1,1,5
BRDA:19,2,0,0
BRDA:19,2,1,4
BRF:6
BRH:5
end_of_record
